[debug] [2026-03-04T07:58:57.310Z] ----------------------------------------------------------------------
[debug] [2026-03-04T07:58:57.317Z] Command:       C:\Program Files\nodejs\node.exe C:\Users\ds5yr\AppData\Roaming\npm\node_modules\firebase-tools\lib\bin\firebase.js init
[debug] [2026-03-04T07:58:57.318Z] CLI Version:   14.26.0
[debug] [2026-03-04T07:58:57.318Z] Platform:      win32
[debug] [2026-03-04T07:58:57.318Z] Node Version:  v22.18.0
[debug] [2026-03-04T07:58:57.319Z] Time:          Wed Mar 04 2026 16:58:57 GMT+0900 (대한민국 표준시)
[debug] [2026-03-04T07:58:57.320Z] ----------------------------------------------------------------------
[debug] 
[debug] [2026-03-04T07:58:57.324Z] >>> [apiv2][query] GET https://firebase-public.firebaseio.com/cli.json [none]
[info] 
     ######## #### ########  ######## ########     ###     ######  ########
     ##        ##  ##     ## ##       ##     ##  ##   ##  ##       ##
     ######    ##  ########  ######   ########  #########  ######  ######
     ##        ##  ##    ##  ##       ##     ## ##     ##       ## ##
     ##       #### ##     ## ######## ########  ##     ##  ######  ########

You're about to initialize a Firebase project in this directory:

  C:\Users\ds5yr\gensystem_website

[debug] [2026-03-04T07:58:57.871Z] <<< [apiv2][status] GET https://firebase-public.firebaseio.com/cli.json 200
[debug] [2026-03-04T07:58:57.871Z] <<< [apiv2][body] GET https://firebase-public.firebaseio.com/cli.json {"cloudBuildErrorAfter":1594252800000,"cloudBuildWarnAfter":1590019200000,"defaultNode10After":1594252800000,"minVersion":"3.0.5","node8DeploysDisabledAfter":1613390400000,"node8RuntimeDisabledAfter":1615809600000,"node8WarnAfter":1600128000000}
[info] 
=== Project Setup
[info] 
[info] First, let's associate this project directory with a Firebase project.
[info] You can create multiple project aliases by running firebase use --add, 
[info] 
[debug] [2026-03-04T08:01:32.854Z] > command requires scopes: ["email","openid","https://www.googleapis.com/auth/cloudplatformprojects.readonly","https://www.googleapis.com/auth/firebase","https://www.googleapis.com/auth/cloud-platform"]
[debug] [2026-03-04T08:01:32.855Z] > authorizing via signed-in user (s95722462@gmail.com)
[debug] [2026-03-04T08:01:32.857Z] Checked if tokens are valid: false, expires at: 1763966516916
[debug] [2026-03-04T08:01:32.857Z] Checked if tokens are valid: false, expires at: 1763966516916
[debug] [2026-03-04T08:01:32.858Z] > refreshing access token with scopes: []
[debug] [2026-03-04T08:01:32.859Z] >>> [apiv2][query] POST https://www.googleapis.com/oauth2/v3/token [none]
[debug] [2026-03-04T08:01:32.859Z] >>> [apiv2][body] POST https://www.googleapis.com/oauth2/v3/token [omitted]
[debug] [2026-03-04T08:01:33.085Z] <<< [apiv2][status] POST https://www.googleapis.com/oauth2/v3/token 200
[debug] [2026-03-04T08:01:33.086Z] <<< [apiv2][body] POST https://www.googleapis.com/oauth2/v3/token [omitted]
[debug] [2026-03-04T08:01:33.129Z] >>> [apiv2][query] GET https://firebase.googleapis.com/v1beta1/projects pageSize=100
[debug] [2026-03-04T08:01:33.919Z] <<< [apiv2][status] GET https://firebase.googleapis.com/v1beta1/projects 200
[debug] [2026-03-04T08:01:33.919Z] <<< [apiv2][body] GET https://firebase.googleapis.com/v1beta1/projects [omitted]
[info] 
=== Hosting Setup
[debug] [2026-03-04T08:02:04.524Z] Checked if tokens are valid: true, expires at: 1772614892086
[debug] [2026-03-04T08:02:04.525Z] Checked if tokens are valid: true, expires at: 1772614892086
[debug] [2026-03-04T08:02:04.525Z] >>> [apiv2][query] GET https://firebase.googleapis.com/v1beta1/projects/gensystemhomepage [none]
[debug] [2026-03-04T08:02:04.956Z] <<< [apiv2][status] GET https://firebase.googleapis.com/v1beta1/projects/gensystemhomepage 200
[debug] [2026-03-04T08:02:04.956Z] <<< [apiv2][body] GET https://firebase.googleapis.com/v1beta1/projects/gensystemhomepage {"projectId":"gensystemhomepage","projectNumber":"382869173979","displayName":"gensystemhomepage","name":"projects/gensystemhomepage","resources":{"hostingSite":"gensystemhomepage"},"state":"ACTIVE","etag":"1_cf6796cc-5f52-4739-92b6-453ad71170ae"}
[info] 
[info] Your public directory is the folder (relative to your project directory) that
[info] will contain Hosting assets to be uploaded with firebase deploy. If you
[info] have a build process for your assets, use your build's output directory.
[info] 
